#
# There is insufficient memory for the Java Runtime Environment to continue.
# Native memory allocation (mmap) failed to map 65536 bytes. Error detail: Failed to commit metaspace.
# Possible reasons:
#   The system is out of physical RAM or swap space
#   This process is running with CompressedOops enabled, and the Java Heap may be blocking the growth of the native heap
# Possible solutions:
#   Reduce memory load on the system
#   Increase physical memory or swap space
#   Check if swap backing store is full
#   Decrease Java heap size (-Xmx/-Xms)
#   Decrease number of Java threads
#   Decrease Java thread stack sizes (-Xss)
#   Set larger code cache with -XX:ReservedCodeCacheSize=
#   JVM is running with Zero Based Compressed Oops mode in which the Java heap is
#     placed in the first 32GB address space. The Java Heap base address is the
#     maximum limit for the native heap growth. Please use -XX:HeapBaseMinAddress
#     to set the Java Heap base and to place the Java Heap above 32GB virtual address.
# This output file may be truncated or incomplete.
#
#  Out of Memory Error (virtualSpaceNode.cpp:113), pid=13232, tid=1464
#
# JRE version: Java(TM) SE Runtime Environment (23.0.1+11) (build 23.0.1+11-39)
# Java VM: Java HotSpot(TM) 64-Bit Server VM (23.0.1+11-39, mixed mode, emulated-client, sharing, tiered, compressed oops, compressed class ptrs, g1 gc, windows-amd64)
# No core dump will be written. Minidumps are not enabled by default on client versions of Windows
#

---------------  S U M M A R Y ------------

Command Line: -XX:TieredStopAtLevel=1 -Dspring.output.ansi.enabled=always -Dcom.sun.management.jmxremote -Dspring.jmx.enabled=true -Dspring.liveBeansView.mbeanDomain -Dspring.application.admin.enabled=true -Dmanagement.endpoints.jmx.exposure.include=* -javaagent:E:\IntelliJ IDEA 2024.3.3\lib\idea_rt.jar=60189:E:\IntelliJ IDEA 2024.3.3\bin -Dfile.encoding=UTF-8 -Dsun.stdout.encoding=UTF-8 -Dsun.stderr.encoding=UTF-8 com.example.SearchServiceApplication

Host: Intel(R) Core(TM) i7-9750H CPU @ 2.60GHz, 12 cores, 23G,  Windows 11 , 64 bit Build 22621 (10.0.22621.5124)
Time: Mon May  5 16:11:38 2025 Egypt Daylight Time elapsed time: 0.565700 seconds (0d 0h 0m 0s)

---------------  T H R E A D  ---------------

Current thread (0x00000261928c7340):  JavaThread "main"             [_thread_in_vm, id=1464, stack(0x000000a55ff00000,0x000000a560000000) (1024K)]

Stack: [0x000000a55ff00000,0x000000a560000000]
Native frames: (J=compiled Java code, j=interpreted, Vv=VM code, C=native code)
V  [jvm.dll+0x6e08b9]  (no source info available)
V  [jvm.dll+0x87dc83]  (no source info available)
V  [jvm.dll+0x88010e]  (no source info available)
V  [jvm.dll+0x8807e3]  (no source info available)
V  [jvm.dll+0x27aee6]  (no source info available)
V  [jvm.dll+0x87988e]  (no source info available)
V  [jvm.dll+0x682035]  (no source info available)
V  [jvm.dll+0x68209a]  (no source info available)
V  [jvm.dll+0x6848da]  (no source info available)
V  [jvm.dll+0x2219dc]  (no source info available)
V  [jvm.dll+0x682a4e]  (no source info available)
V  [jvm.dll+0x277b9d]  (no source info available)
V  [jvm.dll+0x277f61]  (no source info available)
V  [jvm.dll+0x738abf]  (no source info available)
V  [jvm.dll+0x7398af]  (no source info available)
V  [jvm.dll+0x3c0f38]  (no source info available)
V  [jvm.dll+0x3bfd37]  (no source info available)
V  [jvm.dll+0x3bfcd8]  (no source info available)
V  [jvm.dll+0x5e435b]  (no source info available)
V  [jvm.dll+0x5e4413]  (no source info available)
V  [jvm.dll+0x3d573a]  (no source info available)
V  [jvm.dll+0x3d51c0]  (no source info available)
C  0x000002619d3c6e5c  (no source info available)

The last pc belongs to getstatic (printed below).
Java frames: (J=compiled Java code, j=interpreted, Vv=VM code)
j  sun.rmi.transport.tcp.TCPEndpoint.<clinit>()V+94 java.rmi@23.0.1
v  ~StubRoutines::call_stub 0x000002619d3b0fcd
j  sun.rmi.transport.LiveRef.<init>(Ljava/rmi/server/ObjID;ILjava/rmi/server/RMIClientSocketFactory;Ljava/rmi/server/RMIServerSocketFactory;)V+6 java.rmi@23.0.1
j  sun.rmi.transport.LiveRef.<init>(ILjava/rmi/server/RMIClientSocketFactory;Ljava/rmi/server/RMIServerSocketFactory;)V+11 java.rmi@23.0.1
j  sun.rmi.server.UnicastServerRef2.<init>(ILjava/rmi/server/RMIClientSocketFactory;Ljava/rmi/server/RMIServerSocketFactory;Ljava/io/ObjectInputFilter;)V+8 java.rmi@23.0.1
j  sun.management.jmxremote.ConnectorBootstrap$PermanentExporter.exportObject(Ljava/rmi/Remote;ILjava/rmi/server/RMIClientSocketFactory;Ljava/rmi/server/RMIServerSocketFactory;Ljava/io/ObjectInputFilter;)Ljava/rmi/Remote;+72 jdk.management.agent@23.0.1
j  javax.management.remote.rmi.RMIJRMPServerImpl.export(Ljava/rmi/Remote;Ljava/io/ObjectInputFilter;)V+62 java.management.rmi@23.0.1
j  javax.management.remote.rmi.RMIJRMPServerImpl.export()V+6 java.management.rmi@23.0.1
j  javax.management.remote.rmi.RMIConnectorServer.start()V+246 java.management.rmi@23.0.1
j  sun.management.jmxremote.ConnectorBootstrap.startLocalConnectorServer()Ljavax/management/remote/JMXConnectorServer;+290 jdk.management.agent@23.0.1
j  jdk.internal.agent.Agent.startLocalManagementAgent()V+13 jdk.management.agent@23.0.1
j  jdk.internal.agent.Agent.startAgent(Ljava/util/Properties;)V+58 jdk.management.agent@23.0.1
j  jdk.internal.agent.Agent.startAgent()V+20 jdk.management.agent@23.0.1
v  ~StubRoutines::call_stub 0x000002619d3b0fcd
Lock stack of current Java thread (top to bottom):
LockStack[1]: [I 
{0x00000006999501e8} - klass: {type array int}
 - length: 0
LockStack[0]: javax.management.remote.rmi.RMIConnectorServer 
{0x000000069988cf68} - klass: 'javax/management/remote/rmi/RMIConnectorServer'
 - ---- fields (total size 8 words):
 - private 'listenerList' 'Ljava/util/List;' @12  a 'java/util/concurrent/CopyOnWriteArrayList'{0x000000069988cfa8} (0xd33119f5)
 - private final 'executor' 'Ljava/util/concurrent/Executor;' @16  a 'javax/management/NotificationBroadcasterSupport$1'{0x000000069a6dedd8} (0xd34dbdbb)
 - private final 'notifInfo' '[Ljavax/management/MBeanNotificationInfo;' @20  a 'javax/management/MBeanNotificationInfo'[0] {0x000000069a6dede8} (0xd34dbdbd)
 - private 'mbeanServer' 'Ljavax/management/MBeanServer;' @24  a 'com/sun/jmx/mbeanserver/JmxMBeanServer'{0x000000069a6df850} (0xd34dbf0a)
 - private 'myName' 'Ljavax/management/ObjectName;' @28  null (0x00000000)
 - private final 'connectionIds' 'Ljava/util/List;' @32  a 'java/util/ArrayList'{0x000000069988cfe0} (0xd33119fc)
 - private 'state' 'I' @36  0 (0x00000000)
 - private 'address' 'Ljavax/management/remote/JMXServiceURL;' @40  a 'javax/management/remote/JMXServiceURL'{0x000000069987d0c0} (0xd330fa18)
 - private 'rmiServerImpl' 'Ljavax/management/remote/rmi/RMIServerImpl;' @44  null (0x00000000)
 - private final 'attributes' 'Ljava/util/Map;' @48  a 'java/util/Collections$UnmodifiableMap'{0x000000069988c500} (0xd33118a0)
 - private 'defaultClassLoader' 'Ljava/lang/ClassLoader;' @52  a 'jdk/internal/loader/ClassLoaders$AppClassLoader'{0x000000069a995598} (0xd3532ab3)
 - private 'boundJndiUrl' 'Ljava/lang/String;' @56  null (0x00000000)

getstatic  178 getstatic  [0x000002619d3c6dc0, 0x000002619d3c6fc0]  512 bytes
[MachCode]
  0x000002619d3c6dc0: 4883 ec08 | c5fa 1104 | 24eb 1f48 | 83ec 10c5 | fb11 0424 | eb14 4883 | ec10 4889 | 0424 48c7 
  0x000002619d3c6de0: 4424 0800 | 0000 00eb | 0150 488b | 4dd0 410f | b755 0148 | 8b49 286b | d218 488d | 4c11 080f 
  0x000002619d3c6e00: b659 1281 | fbb2 0000 | 000f 84bd | 0000 00bb | b200 0000 | e805 0000 | 00e9 9900 | 0000 488b 
  0x000002619d3c6e20: d348 8d44 | 2408 4c89 | 6dc0 498b | cfc5 f877 | 4989 afb0 | 0300 0049 | 8987 a003 | 0000 4883 
  0x000002619d3c6e40: ec20 40f6 | c40f 0f84 | 1900 0000 | 4883 ec08 | 48b8 6051 | 4850 f97f | 0000 ffd0 | 4883 c408 
  0x000002619d3c6e60: e90c 0000 | 0048 b860 | 5148 50f9 | 7f00 00ff | d048 83c4 | 2049 c787 | a003 0000 | 0000 0000 
  0x000002619d3c6e80: 49c7 87b0 | 0300 0000 | 0000 0049 | c787 a803 | 0000 0000 | 0000 c5f8 | 7749 837f | 0800 0f84 
  0x000002619d3c6ea0: 0500 0000 | e917 a0fe | ff4c 8b6d | c04c 8b75 | c84e 8d74 | f500 c348 | 8b4d d041 | 0fb7 5501 
  0x000002619d3c6ec0: 488b 4928 | 6bd2 1848 | 8d4c 1108 | 8b59 080f | b651 110f | b641 104c | 8b09 4d8b | 4970 4d8b 
  0x000002619d3c6ee0: 0985 c00f | 850b 0000 | 0041 0fbe | 0419 50e9 | b500 0000 | 83f8 010f | 850b 0000 | 0041 0fb6 
  0x000002619d3c6f00: 0419 50e9 | a100 0000 | 83f8 080f | 850e 0000 | 0041 8b04 | 1948 c1e0 | 0350 e98a | 0000 0083 
  0x000002619d3c6f20: f804 0f85 | 0a00 0000 | 418b 0419 | 50e9 7700 | 0000 83f8 | 020f 850b | 0000 0041 | 0fb7 0419 
  0x000002619d3c6f40: 50e9 6300 | 0000 83f8 | 030f 850b | 0000 0041 | 0fbf 0419 | 50e9 4f00 | 0000 83f8 | 050f 851a 
  0x000002619d3c6f60: 0000 0049 | 8b04 1948 | 83ec 1048 | 8904 2448 | c744 2408 | 0000 0000 | e92c 0000 | 0083 f806 
  0x000002619d3c6f80: 0f85 1400 | 0000 c4c1 | 7a10 0419 | 4883 ec08 | c5fa 1104 | 24e9 0f00 | 0000 c4c1 | 7b10 0419 
  0x000002619d3c6fa0: 4883 ec10 | c5fb 1104 | 2441 0fb6 | 5d03 4983 | c503 49ba | 507e d350 | f97f 0000 | 41ff 24da 
[/MachCode]

---------------  P R O C E S S  ---------------

Threads class SMR info:
_java_thread_list=0x00000261f01e8ac0, length=14, elements={
0x00000261928c7340, 0x00000261a8220a60, 0x00000261a8222990, 0x00000261a8224120,
0x00000261a8227d00, 0x00000261a8228890, 0x00000261f0008090, 0x00000261f0029970,
0x00000261f018d800, 0x00000261f0190c20, 0x00000261f023ea30, 0x00000261f023f0f0,
0x00000261f07d19f0, 0x00000261f07d2060
}

Java Threads: ( => current thread )
=>0x00000261928c7340 JavaThread "main"                              [_thread_in_vm, id=1464, stack(0x000000a55ff00000,0x000000a560000000) (1024K)]
  0x00000261a8220a60 JavaThread "Reference Handler"          daemon [_thread_blocked, id=7188, stack(0x000000a560700000,0x000000a560800000) (1024K)]
  0x00000261a8222990 JavaThread "Finalizer"                  daemon [_thread_blocked, id=27088, stack(0x000000a560800000,0x000000a560900000) (1024K)]
  0x00000261a8224120 JavaThread "Signal Dispatcher"          daemon [_thread_blocked, id=7888, stack(0x000000a560900000,0x000000a560a00000) (1024K)]
  0x00000261a8227d00 JavaThread "Attach Listener"            daemon [_thread_blocked, id=24956, stack(0x000000a560a00000,0x000000a560b00000) (1024K)]
  0x00000261a8228890 JavaThread "Service Thread"             daemon [_thread_blocked, id=24712, stack(0x000000a560b00000,0x000000a560c00000) (1024K)]
  0x00000261f0008090 JavaThread "Monitor Deflation Thread"   daemon [_thread_blocked, id=24404, stack(0x000000a560c00000,0x000000a560d00000) (1024K)]
  0x00000261f0029970 JavaThread "C1 CompilerThread0"         daemon [_thread_blocked, id=6284, stack(0x000000a560d00000,0x000000a560e00000) (1024K)]
  0x00000261f018d800 JavaThread "Common-Cleaner"             daemon [_thread_blocked, id=2580, stack(0x000000a560e00000,0x000000a560f00000) (1024K)]
  0x00000261f0190c20 JavaThread "C1 CompilerThread1"         daemon [_thread_blocked, id=9968, stack(0x000000a560f00000,0x000000a561000000) (1024K)]
  0x00000261f023ea30 JavaThread "C1 CompilerThread2"         daemon [_thread_blocked, id=21788, stack(0x000000a561000000,0x000000a561100000) (1024K)]
  0x00000261f023f0f0 JavaThread "C1 CompilerThread3"         daemon [_thread_blocked, id=8200, stack(0x000000a561100000,0x000000a561200000) (1024K)]
  0x00000261f07d19f0 JavaThread "Monitor Ctrl-Break"         daemon [_thread_in_native, id=13836, stack(0x000000a561200000,0x000000a561300000) (1024K)]
  0x00000261f07d2060 JavaThread "Notification Thread"        daemon [_thread_blocked, id=8456, stack(0x000000a561300000,0x000000a561400000) (1024K)]
Total: 14

Other Threads:
  0x00000261a8207830 VMThread "VM Thread"                           [id=13964, stack(0x000000a560600000,0x000000a560700000) (1024K)]
  0x00000261a81f7230 WatcherThread "VM Periodic Task Thread"        [id=23048, stack(0x000000a560500000,0x000000a560600000) (1024K)]
  0x0000026194d1c2f0 WorkerThread "GC Thread#0"                     [id=26204, stack(0x000000a560000000,0x000000a560100000) (1024K)]
  0x00000261a8050490 ConcurrentGCThread "G1 Main Marker"            [id=21404, stack(0x000000a560100000,0x000000a560200000) (1024K)]
  0x00000261a8051740 WorkerThread "G1 Conc#0"                       [id=20520, stack(0x000000a560200000,0x000000a560300000) (1024K)]
  0x00000261a80cb950 ConcurrentGCThread "G1 Refine#0"               [id=13604, stack(0x000000a560300000,0x000000a560400000) (1024K)]
  0x00000261a80cc4d0 ConcurrentGCThread "G1 Service"                [id=24692, stack(0x000000a560400000,0x000000a560500000) (1024K)]
Total: 7

Threads with active compile tasks:
Total: 0

VM state: not at safepoint (normal execution)

VM Mutex/Monitor currently owned by a thread:  ([mutex/lock_event])
[0x00007ff950d21890] Metaspace_lock - owner thread: 0x00000261928c7340

Heap address: 0x0000000682c00000, size: 6100 MB, Compressed Oops mode: Zero based, Oop shift amount: 3

CDS archive(s) mapped at: [0x00000261ab000000-0x00000261abd70000-0x00000261abd70000), size 14090240, SharedBaseAddress: 0x00000261ab000000, ArchiveRelocationMode: 1.
Compressed class space mapped at: 0x00000261ac000000-0x00000261ec000000, reserved size: 1073741824
Narrow klass base: 0x00000261ab000000, Narrow klass shift: 0, Narrow klass range: 0x41000000

GC Precious Log:
 CardTable entry size: 512
 Card Set container configuration: InlinePtr #cards 4 size 8 Array Of Cards #cards 32 size 80 Howl #buckets 8 coarsen threshold 7372 Howl Bitmap #cards 1024 size 144 coarsen threshold 921 Card regions per heap region 1 cards per card region 8192
 CPUs: 12 total, 12 available
 Memory: 24388M
 Large Page Support: Disabled
 NUMA Support: Disabled
 Compressed Oops: Enabled (Zero based)
 Heap Region Size: 4M
 Heap Min Capacity: 8M
 Heap Initial Capacity: 384M
 Heap Max Capacity: 6100M
 Pre-touch: Disabled
 Parallel Workers: 10
 Concurrent Workers: 3
 Concurrent Refinement Workers: 10
 Periodic GC: Disabled

Heap:
 garbage-first heap   total reserved 6246400K, committed 393216K, used 12288K [0x0000000682c00000, 0x0000000800000000)
  region size 4096K, 5 young (20480K), 0 survivors (0K)
 Metaspace       used 2347K, committed 2432K, reserved 1114112K
  class space    used 265K, committed 320K, reserved 1048576K

Heap Regions: E=young(eden), S=young(survivor), O=old, HS=humongous(starts), HC=humongous(continues), CS=collection set, F=free, TAMS=top-at-mark-start, PB=parsable bottom
|   0|0x0000000682c00000, 0x0000000682c00000, 0x0000000683000000|  0%| F|  |TAMS 0x0000000682c00000| PB 0x0000000682c00000| Untracked |  0
|   1|0x0000000683000000, 0x0000000683000000, 0x0000000683400000|  0%| F|  |TAMS 0x0000000683000000| PB 0x0000000683000000| Untracked |  0
|   2|0x0000000683400000, 0x0000000683400000, 0x0000000683800000|  0%| F|  |TAMS 0x0000000683400000| PB 0x0000000683400000| Untracked |  0
|   3|0x0000000683800000, 0x0000000683800000, 0x0000000683c00000|  0%| F|  |TAMS 0x0000000683800000| PB 0x0000000683800000| Untracked |  0
|   4|0x0000000683c00000, 0x0000000683c00000, 0x0000000684000000|  0%| F|  |TAMS 0x0000000683c00000| PB 0x0000000683c00000| Untracked |  0
|   5|0x0000000684000000, 0x0000000684000000, 0x0000000684400000|  0%| F|  |TAMS 0x0000000684000000| PB 0x0000000684000000| Untracked |  0
|   6|0x0000000684400000, 0x0000000684400000, 0x0000000684800000|  0%| F|  |TAMS 0x0000000684400000| PB 0x0000000684400000| Untracked |  0
|   7|0x0000000684800000, 0x0000000684800000, 0x0000000684c00000|  0%| F|  |TAMS 0x0000000684800000| PB 0x0000000684800000| Untracked |  0
|   8|0x0000000684c00000, 0x0000000684c00000, 0x0000000685000000|  0%| F|  |TAMS 0x0000000684c00000| PB 0x0000000684c00000| Untracked |  0
|   9|0x0000000685000000, 0x0000000685000000, 0x0000000685400000|  0%| F|  |TAMS 0x0000000685000000| PB 0x0000000685000000| Untracked |  0
|  10|0x0000000685400000, 0x0000000685400000, 0x0000000685800000|  0%| F|  |TAMS 0x0000000685400000| PB 0x0000000685400000| Untracked |  0
|  11|0x0000000685800000, 0x0000000685800000, 0x0000000685c00000|  0%| F|  |TAMS 0x0000000685800000| PB 0x0000000685800000| Untracked |  0
|  12|0x0000000685c00000, 0x0000000685c00000, 0x0000000686000000|  0%| F|  |TAMS 0x0000000685c00000| PB 0x0000000685c00000| Untracked |  0
|  13|0x0000000686000000, 0x0000000686000000, 0x0000000686400000|  0%| F|  |TAMS 0x0000000686000000| PB 0x0000000686000000| Untracked |  0
|  14|0x0000000686400000, 0x0000000686400000, 0x0000000686800000|  0%| F|  |TAMS 0x0000000686400000| PB 0x0000000686400000| Untracked |  0
|  15|0x0000000686800000, 0x0000000686800000, 0x0000000686c00000|  0%| F|  |TAMS 0x0000000686800000| PB 0x0000000686800000| Untracked |  0
|  16|0x0000000686c00000, 0x0000000686c00000, 0x0000000687000000|  0%| F|  |TAMS 0x0000000686c00000| PB 0x0000000686c00000| Untracked |  0
|  17|0x0000000687000000, 0x0000000687000000, 0x0000000687400000|  0%| F|  |TAMS 0x0000000687000000| PB 0x0000000687000000| Untracked |  0
|  18|0x0000000687400000, 0x0000000687400000, 0x0000000687800000|  0%| F|  |TAMS 0x0000000687400000| PB 0x0000000687400000| Untracked |  0
|  19|0x0000000687800000, 0x0000000687800000, 0x0000000687c00000|  0%| F|  |TAMS 0x0000000687800000| PB 0x0000000687800000| Untracked |  0
|  20|0x0000000687c00000, 0x0000000687c00000, 0x0000000688000000|  0%| F|  |TAMS 0x0000000687c00000| PB 0x0000000687c00000| Untracked |  0
|  21|0x0000000688000000, 0x0000000688000000, 0x0000000688400000|  0%| F|  |TAMS 0x0000000688000000| PB 0x0000000688000000| Untracked |  0
|  22|0x0000000688400000, 0x0000000688400000, 0x0000000688800000|  0%| F|  |TAMS 0x0000000688400000| PB 0x0000000688400000| Untracked |  0
|  23|0x0000000688800000, 0x0000000688800000, 0x0000000688c00000|  0%| F|  |TAMS 0x0000000688800000| PB 0x0000000688800000| Untracked |  0
|  24|0x0000000688c00000, 0x0000000688c00000, 0x0000000689000000|  0%| F|  |TAMS 0x0000000688c00000| PB 0x0000000688c00000| Untracked |  0
|  25|0x0000000689000000, 0x0000000689000000, 0x0000000689400000|  0%| F|  |TAMS 0x0000000689000000| PB 0x0000000689000000| Untracked |  0
|  26|0x0000000689400000, 0x0000000689400000, 0x0000000689800000|  0%| F|  |TAMS 0x0000000689400000| PB 0x0000000689400000| Untracked |  0
|  27|0x0000000689800000, 0x0000000689800000, 0x0000000689c00000|  0%| F|  |TAMS 0x0000000689800000| PB 0x0000000689800000| Untracked |  0
|  28|0x0000000689c00000, 0x0000000689c00000, 0x000000068a000000|  0%| F|  |TAMS 0x0000000689c00000| PB 0x0000000689c00000| Untracked |  0
|  29|0x000000068a000000, 0x000000068a000000, 0x000000068a400000|  0%| F|  |TAMS 0x000000068a000000| PB 0x000000068a000000| Untracked |  0
|  30|0x000000068a400000, 0x000000068a400000, 0x000000068a800000|  0%| F|  |TAMS 0x000000068a400000| PB 0x000000068a400000| Untracked |  0
|  31|0x000000068a800000, 0x000000068a800000, 0x000000068ac00000|  0%| F|  |TAMS 0x000000068a800000| PB 0x000000068a800000| Untracked |  0
|  32|0x000000068ac00000, 0x000000068ac00000, 0x000000068b000000|  0%| F|  |TAMS 0x000000068ac00000| PB 0x000000068ac00000| Untracked |  0
|  33|0x000000068b000000, 0x000000068b000000, 0x000000068b400000|  0%| F|  |TAMS 0x000000068b000000| PB 0x000000068b000000| Untracked |  0
|  34|0x000000068b400000, 0x000000068b400000, 0x000000068b800000|  0%| F|  |TAMS 0x000000068b400000| PB 0x000000068b400000| Untracked |  0
|  35|0x000000068b800000, 0x000000068b800000, 0x000000068bc00000|  0%| F|  |TAMS 0x000000068b800000| PB 0x000000068b800000| Untracked |  0
|  36|0x000000068bc00000, 0x000000068bc00000, 0x000000068c000000|  0%| F|  |TAMS 0x000000068bc00000| PB 0x000000068bc00000| Untracked |  0
|  37|0x000000068c000000, 0x000000068c000000, 0x000000068c400000|  0%| F|  |TAMS 0x000000068c000000| PB 0x000000068c000000| Untracked |  0
|  38|0x000000068c400000, 0x000000068c400000, 0x000000068c800000|  0%| F|  |TAMS 0x000000068c400000| PB 0x000000068c400000| Untracked |  0
|  39|0x000000068c800000, 0x000000068c800000, 0x000000068cc00000|  0%| F|  |TAMS 0x000000068c800000| PB 0x000000068c800000| Untracked |  0
|  40|0x000000068cc00000, 0x000000068cc00000, 0x000000068d000000|  0%| F|  |TAMS 0x000000068cc00000| PB 0x000000068cc00000| Untracked |  0
|  41|0x000000068d000000, 0x000000068d000000, 0x000000068d400000|  0%| F|  |TAMS 0x000000068d000000| PB 0x000000068d000000| Untracked |  0
|  42|0x000000068d400000, 0x000000068d400000, 0x000000068d800000|  0%| F|  |TAMS 0x000000068d400000| PB 0x000000068d400000| Untracked |  0
|  43|0x000000068d800000, 0x000000068d800000, 0x000000068dc00000|  0%| F|  |TAMS 0x000000068d800000| PB 0x000000068d800000| Untracked |  0
|  44|0x000000068dc00000, 0x000000068dc00000, 0x000000068e000000|  0%| F|  |TAMS 0x000000068dc00000| PB 0x000000068dc00000| Untracked |  0
|  45|0x000000068e000000, 0x000000068e000000, 0x000000068e400000|  0%| F|  |TAMS 0x000000068e000000| PB 0x000000068e000000| Untracked |  0
|  46|0x000000068e400000, 0x000000068e400000, 0x000000068e800000|  0%| F|  |TAMS 0x000000068e400000| PB 0x000000068e400000| Untracked |  0
|  47|0x000000068e800000, 0x000000068e800000, 0x000000068ec00000|  0%| F|  |TAMS 0x000000068e800000| PB 0x000000068e800000| Untracked |  0
|  48|0x000000068ec00000, 0x000000068ec00000, 0x000000068f000000|  0%| F|  |TAMS 0x000000068ec00000| PB 0x000000068ec00000| Untracked |  0
|  49|0x000000068f000000, 0x000000068f000000, 0x000000068f400000|  0%| F|  |TAMS 0x000000068f000000| PB 0x000000068f000000| Untracked |  0
|  50|0x000000068f400000, 0x000000068f400000, 0x000000068f800000|  0%| F|  |TAMS 0x000000068f400000| PB 0x000000068f400000| Untracked |  0
|  51|0x000000068f800000, 0x000000068f800000, 0x000000068fc00000|  0%| F|  |TAMS 0x000000068f800000| PB 0x000000068f800000| Untracked |  0
|  52|0x000000068fc00000, 0x000000068fc00000, 0x0000000690000000|  0%| F|  |TAMS 0x000000068fc00000| PB 0x000000068fc00000| Untracked |  0
|  53|0x0000000690000000, 0x0000000690000000, 0x0000000690400000|  0%| F|  |TAMS 0x0000000690000000| PB 0x0000000690000000| Untracked |  0
|  54|0x0000000690400000, 0x0000000690400000, 0x0000000690800000|  0%| F|  |TAMS 0x0000000690400000| PB 0x0000000690400000| Untracked |  0
|  55|0x0000000690800000, 0x0000000690800000, 0x0000000690c00000|  0%| F|  |TAMS 0x0000000690800000| PB 0x0000000690800000| Untracked |  0
|  56|0x0000000690c00000, 0x0000000690c00000, 0x0000000691000000|  0%| F|  |TAMS 0x0000000690c00000| PB 0x0000000690c00000| Untracked |  0
|  57|0x0000000691000000, 0x0000000691000000, 0x0000000691400000|  0%| F|  |TAMS 0x0000000691000000| PB 0x0000000691000000| Untracked |  0
|  58|0x0000000691400000, 0x0000000691400000, 0x0000000691800000|  0%| F|  |TAMS 0x0000000691400000| PB 0x0000000691400000| Untracked |  0
|  59|0x0000000691800000, 0x0000000691800000, 0x0000000691c00000|  0%| F|  |TAMS 0x0000000691800000| PB 0x0000000691800000| Untracked |  0
|  60|0x0000000691c00000, 0x0000000691c00000, 0x0000000692000000|  0%| F|  |TAMS 0x0000000691c00000| PB 0x0000000691c00000| Untracked |  0
|  61|0x0000000692000000, 0x0000000692000000, 0x0000000692400000|  0%| F|  |TAMS 0x0000000692000000| PB 0x0000000692000000| Untracked |  0
|  62|0x0000000692400000, 0x0000000692400000, 0x0000000692800000|  0%| F|  |TAMS 0x0000000692400000| PB 0x0000000692400000| Untracked |  0
|  63|0x0000000692800000, 0x0000000692800000, 0x0000000692c00000|  0%| F|  |TAMS 0x0000000692800000| PB 0x0000000692800000| Untracked |  0
|  64|0x0000000692c00000, 0x0000000692c00000, 0x0000000693000000|  0%| F|  |TAMS 0x0000000692c00000| PB 0x0000000692c00000| Untracked |  0
|  65|0x0000000693000000, 0x0000000693000000, 0x0000000693400000|  0%| F|  |TAMS 0x0000000693000000| PB 0x0000000693000000| Untracked |  0
|  66|0x0000000693400000, 0x0000000693400000, 0x0000000693800000|  0%| F|  |TAMS 0x0000000693400000| PB 0x0000000693400000| Untracked |  0
|  67|0x0000000693800000, 0x0000000693800000, 0x0000000693c00000|  0%| F|  |TAMS 0x0000000693800000| PB 0x0000000693800000| Untracked |  0
|  68|0x0000000693c00000, 0x0000000693c00000, 0x0000000694000000|  0%| F|  |TAMS 0x0000000693c00000| PB 0x0000000693c00000| Untracked |  0
|  69|0x0000000694000000, 0x0000000694000000, 0x0000000694400000|  0%| F|  |TAMS 0x0000000694000000| PB 0x0000000694000000| Untracked |  0
|  70|0x0000000694400000, 0x0000000694400000, 0x0000000694800000|  0%| F|  |TAMS 0x0000000694400000| PB 0x0000000694400000| Untracked |  0
|  71|0x0000000694800000, 0x0000000694800000, 0x0000000694c00000|  0%| F|  |TAMS 0x0000000694800000| PB 0x0000000694800000| Untracked |  0
|  72|0x0000000694c00000, 0x0000000694c00000, 0x0000000695000000|  0%| F|  |TAMS 0x0000000694c00000| PB 0x0000000694c00000| Untracked |  0
|  73|0x0000000695000000, 0x0000000695000000, 0x0000000695400000|  0%| F|  |TAMS 0x0000000695000000| PB 0x0000000695000000| Untracked |  0
|  74|0x0000000695400000, 0x0000000695400000, 0x0000000695800000|  0%| F|  |TAMS 0x0000000695400000| PB 0x0000000695400000| Untracked |  0
|  75|0x0000000695800000, 0x0000000695800000, 0x0000000695c00000|  0%| F|  |TAMS 0x0000000695800000| PB 0x0000000695800000| Untracked |  0
|  76|0x0000000695c00000, 0x0000000695c00000, 0x0000000696000000|  0%| F|  |TAMS 0x0000000695c00000| PB 0x0000000695c00000| Untracked |  0
|  77|0x0000000696000000, 0x0000000696000000, 0x0000000696400000|  0%| F|  |TAMS 0x0000000696000000| PB 0x0000000696000000| Untracked |  0
|  78|0x0000000696400000, 0x0000000696400000, 0x0000000696800000|  0%| F|  |TAMS 0x0000000696400000| PB 0x0000000696400000| Untracked |  0
|  79|0x0000000696800000, 0x0000000696800000, 0x0000000696c00000|  0%| F|  |TAMS 0x0000000696800000| PB 0x0000000696800000| Untracked |  0
|  80|0x0000000696c00000, 0x0000000696c00000, 0x0000000697000000|  0%| F|  |TAMS 0x0000000696c00000| PB 0x0000000696c00000| Untracked |  0
|  81|0x0000000697000000, 0x0000000697000000, 0x0000000697400000|  0%| F|  |TAMS 0x0000000697000000| PB 0x0000000697000000| Untracked |  0
|  82|0x0000000697400000, 0x0000000697400000, 0x0000000697800000|  0%| F|  |TAMS 0x0000000697400000| PB 0x0000000697400000| Untracked |  0
|  83|0x0000000697800000, 0x0000000697800000, 0x0000000697c00000|  0%| F|  |TAMS 0x0000000697800000| PB 0x0000000697800000| Untracked |  0
|  84|0x0000000697c00000, 0x0000000697c00000, 0x0000000698000000|  0%| F|  |TAMS 0x0000000697c00000| PB 0x0000000697c00000| Untracked |  0
|  85|0x0000000698000000, 0x0000000698000000, 0x0000000698400000|  0%| F|  |TAMS 0x0000000698000000| PB 0x0000000698000000| Untracked |  0
|  86|0x0000000698400000, 0x0000000698400000, 0x0000000698800000|  0%| F|  |TAMS 0x0000000698400000| PB 0x0000000698400000| Untracked |  0
|  87|0x0000000698800000, 0x0000000698800000, 0x0000000698c00000|  0%| F|  |TAMS 0x0000000698800000| PB 0x0000000698800000| Untracked |  0
|  88|0x0000000698c00000, 0x0000000698c00000, 0x0000000699000000|  0%| F|  |TAMS 0x0000000698c00000| PB 0x0000000698c00000| Untracked |  0
|  89|0x0000000699000000, 0x0000000699000000, 0x0000000699400000|  0%| F|  |TAMS 0x0000000699000000| PB 0x0000000699000000| Untracked |  0
|  90|0x0000000699400000, 0x0000000699400000, 0x0000000699800000|  0%| F|  |TAMS 0x0000000699400000| PB 0x0000000699400000| Untracked |  0
|  91|0x0000000699800000, 0x0000000699970c10, 0x0000000699c00000| 36%| E|  |TAMS 0x0000000699800000| PB 0x0000000699800000| Complete |  0
|  92|0x0000000699c00000, 0x000000069a000000, 0x000000069a000000|100%| E|CS|TAMS 0x0000000699c00000| PB 0x0000000699c00000| Complete |  0
|  93|0x000000069a000000, 0x000000069a400000, 0x000000069a400000|100%| E|CS|TAMS 0x000000069a000000| PB 0x000000069a000000| Complete |  0
|  94|0x000000069a400000, 0x000000069a800000, 0x000000069a800000|100%| E|  |TAMS 0x000000069a400000| PB 0x000000069a400000| Complete |  0
|  95|0x000000069a800000, 0x000000069ac00000, 0x000000069ac00000|100%| E|CS|TAMS 0x000000069a800000| PB 0x000000069a800000| Complete |  0

Card table byte_map: [0x00000261a14f0000,0x00000261a20e0000] _byte_map_base: 0x000002619e0da000

Marking Bits: (CMBitMap*) 0x0000026194d1ca00
 Bits: [0x00000261a20e0000, 0x00000261a8030000)

Polling page: 0x0000026194440000

Metaspace:

Usage:
  Non-class:      2.03 MB used.
      Class:    265.48 KB used.
       Both:      2.29 MB used.

Virtual space:
  Non-class space:       64.00 MB reserved,       2.06 MB (  3%) committed,  1 nodes.
      Class space:        1.00 GB reserved,     320.00 KB ( <1%) committed,  1 nodes.
             Both:        1.06 GB reserved,       2.38 MB ( <1%) committed. 

Chunk freelists:
   Non-Class:  11.95 MB
       Class:  15.73 MB
        Both:  27.68 MB

MaxMetaspaceSize: unlimited
CompressedClassSpaceSize: 1.00 GB
Initial GC threshold: 21.00 MB
Current GC threshold: 21.00 MB
CDS: on
 - commit_granule_bytes: 65536.
 - commit_granule_words: 8192.
 - virtual_space_node_default_size: 8388608.
 - enlarge_chunks_in_place: 1.
 - use_allocation_guard: 0.


Internal statistics:

num_allocs_failed_limit: 0.
num_arena_births: 38.
num_arena_deaths: 0.
num_vsnodes_births: 2.
num_vsnodes_deaths: 0.
num_space_committed: 38.
num_space_uncommitted: 0.
num_chunks_returned_to_freelist: 0.
num_chunks_taken_from_freelist: 45.
num_chunk_merges: 0.
num_chunk_splits: 29.
num_chunks_enlarged: 14.
num_inconsistent_stats: 0.

CodeCache: size=49152Kb used=3721Kb max_used=3721Kb free=45430Kb
 bounds [0x000002619d3b0000, 0x000002619d760000, 0x00000261a03b0000]
 total_blobs=1173, nmethods=739, adapters=357, full_count=0
Compilation: enabled, stopped_count=0, restarted_count=0

Compilation events (20 events):
Event: 0.553 Thread 0x00000261f0190c20 nmethod 727 0x000002619d74d688 code [0x000002619d74d7a0, 0x000002619d74d8b8]
Event: 0.553 Thread 0x00000261f0190c20  730   !   1       java.nio.charset.Charset::defaultCharset (52 bytes)
Event: 0.553 Thread 0x00000261f0190c20 nmethod 730 0x000002619d74d988 code [0x000002619d74daa0, 0x000002619d74db50]
Event: 0.553 Thread 0x00000261f023f0f0 nmethod 729 0x000002619d74dc88 code [0x000002619d74ddc0, 0x000002619d74dee8]
Event: 0.553 Thread 0x00000261f0190c20  731       1       java.lang.String::encode (48 bytes)
Event: 0.553 Thread 0x00000261f023f0f0  725       1       java.nio.file.Files$AcceptAllFilter::accept (2 bytes)
Event: 0.553 Thread 0x00000261f023f0f0 nmethod 725 0x000002619d74df88 code [0x000002619d74e0a0, 0x000002619d74e168]
Event: 0.553 Thread 0x00000261f0190c20 nmethod 731 0x000002619d74e288 code [0x000002619d74e3e0, 0x000002619d74e5d8]
Event: 0.553 Thread 0x00000261f023ea30 nmethod 726 0x000002619d74e608 code [0x000002619d74e7a0, 0x000002619d74ed68]
Event: 0.554 Thread 0x00000261f0190c20  734       1       java.lang.invoke.MethodTypeForm::cachedLambdaForm (23 bytes)
Event: 0.554 Thread 0x00000261f0190c20 nmethod 734 0x000002619d74f408 code [0x000002619d74f520, 0x000002619d74f6f0]
Event: 0.555 Thread 0x00000261f0029970 nmethod 717 0x000002619d74f788 code [0x000002619d74fb40, 0x000002619d751408]
Event: 0.555 Thread 0x00000261f0190c20  735       1       java.lang.invoke.MethodHandleImpl::isCompileConstant (2 bytes)
Event: 0.555 Thread 0x00000261f0190c20 nmethod 735 0x000002619d751508 code [0x000002619d751620, 0x000002619d7516c8]
Event: 0.556 Thread 0x00000261f0190c20  736       1       java.lang.Integer::rotateRight (9 bytes)
Event: 0.556 Thread 0x00000261f0190c20 nmethod 736 0x000002619d751808 code [0x000002619d751920, 0x000002619d7519d8]
Event: 0.556 Thread 0x00000261f0190c20  738       1       java.lang.Number::<init> (5 bytes)
Event: 0.556 Thread 0x00000261f0190c20 nmethod 738 0x000002619d751e88 code [0x000002619d751fa0, 0x000002619d752068]
Event: 0.558 Thread 0x00000261f0190c20  739       1       java.lang.invoke.MemberName::getType (19 bytes)
Event: 0.558 Thread 0x00000261f0190c20 nmethod 739 0x000002619d752188 code [0x000002619d7522c0, 0x000002619d752410]

GC Heap History (0 events):
No events

Dll operation events (11 events):
Event: 0.014 Loaded shared library C:\Program Files\Java\jdk-23\bin\java.dll
Event: 0.186 Loaded shared library C:\Program Files\Java\jdk-23\bin\zip.dll
Event: 0.189 Loaded shared library C:\Program Files\Java\jdk-23\bin\instrument.dll
Event: 0.192 Loaded shared library C:\Program Files\Java\jdk-23\bin\net.dll
Event: 0.193 Loaded shared library C:\Program Files\Java\jdk-23\bin\nio.dll
Event: 0.196 Loaded shared library C:\Program Files\Java\jdk-23\bin\zip.dll
Event: 0.224 Loaded shared library C:\Program Files\Java\jdk-23\bin\jimage.dll
Event: 0.454 Loaded shared library E:\IntelliJ IDEA 2024.3.3\bin\breakgen64.dll
Event: 0.461 Loaded shared library C:\Program Files\Java\jdk-23\bin\extnet.dll
Event: 0.465 Loaded shared library C:\Program Files\Java\jdk-23\bin\management.dll
Event: 0.480 Loading shared library C:\Program Files\Java\jdk-23\bin\management_ext.dll failed, error code 1455

Deoptimization events (0 events):
No events

Classes loaded (20 events):
Event: 0.551 Loading class sun/nio/fs/WindowsPath$WindowsPathWithAttributes
Event: 0.551 Loading class sun/nio/fs/BasicFileAttributesHolder
Event: 0.551 Loading class sun/nio/fs/BasicFileAttributesHolder done
Event: 0.551 Loading class sun/nio/fs/WindowsPath$WindowsPathWithAttributes done
Event: 0.555 Loading class sun/security/provider/AbstractDrbg$NonceProvider
Event: 0.555 Loading class sun/security/provider/AbstractDrbg$NonceProvider done
Event: 0.555 Loading class sun/security/provider/SHA2$SHA256
Event: 0.555 Loading class sun/security/provider/SHA2
Event: 0.555 Loading class sun/security/provider/SHA2 done
Event: 0.555 Loading class sun/security/provider/SHA2$SHA256 done
Event: 0.557 Loading class sun/rmi/transport/tcp/TCPEndpoint
Event: 0.557 Loading class sun/rmi/transport/Endpoint
Event: 0.557 Loading class sun/rmi/transport/Endpoint done
Event: 0.558 Loading class sun/rmi/transport/tcp/TCPEndpoint done
Event: 0.563 Loading class java/net/InetAddress$CachedLocalHost
Event: 0.563 Loading class java/net/InetAddress$CachedLocalHost done
Event: 0.564 Loading class sun/rmi/transport/tcp/TCPTransport
Event: 0.564 Loading class sun/rmi/transport/Transport
Event: 0.564 Loading class sun/rmi/transport/Transport done
Event: 0.564 Loading class sun/rmi/transport/tcp/TCPTransport done

Classes unloaded (0 events):
No events

Classes redefined (0 events):
No events

Internal exceptions (9 events):
Event: 0.430 Thread 0x00000261928c7340 Exception <a 'java/lang/NoSuchMethodError'{0x0000000699fed790}: 'java.lang.Object java.lang.invoke.Invokers$Holder.invokeExact_MT(java.lang.Object, java.lang.Object, java.lang.Object, java.lang.Object, java.lang.Object)'> (0x0000000699fed790) 
thrown [s\open\src\hotspot\share\interpreter\linkResolver.cpp, line 796]
Event: 0.463 Thread 0x00000261f07d19f0 Exception <a 'java/lang/NoSuchMethodError'{0x0000000699806030}: 'void java.lang.invoke.DirectMethodHandle$Holder.invokeStatic(java.lang.Object, java.lang.Object)'> (0x0000000699806030) 
thrown [s\open\src\hotspot\share\interpreter\linkResolver.cpp, line 796]
Event: 0.481 Thread 0x00000261a8227d00 Exception <a 'java/lang/UnsatisfiedLinkError'{0x000000069a6e72d8}> (0x000000069a6e72d8) 
thrown [s\open\src\hotspot\share\prims\jvm.cpp, line 3441]
Event: 0.481 Thread 0x00000261a8227d00 Exception <a 'java/lang/UnsatisfiedLinkError'{0x000000069a6e72d8}> (0x000000069a6e72d8) 
thrown [s\open\src\hotspot\share\prims\jni.cpp, line 520]
Event: 0.482 Thread 0x00000261a8227d00 Exception <a 'java/lang/UnsatisfiedLinkError'{0x000000069a6e72d8}> (0x000000069a6e72d8) 
thrown [s\open\src\hotspot\share\oops\instanceKlass.cpp, line 1236]
Event: 0.482 Thread 0x00000261a8227d00 Exception <a 'java/util/ServiceConfigurationError'{0x000000069a6e9bc8}> (0x000000069a6e9bc8) 
thrown [s\open\src\hotspot\share\oops\instanceKlass.cpp, line 1236]
Event: 0.487 Thread 0x00000261928c7340 Exception <a 'java/lang/NoSuchMethodError'{0x00000006998814f0}: 'int java.lang.invoke.DirectMethodHandle$Holder.invokeSpecialIFC(java.lang.Object, java.lang.Object, java.lang.Object)'> (0x00000006998814f0) 
thrown [s\open\src\hotspot\share\interpreter\linkResolver.cpp, line 796]
Event: 0.538 Thread 0x00000261928c7340 Exception <a 'java/lang/NoSuchMethodError'{0x000000069990cc10}: 'java.lang.Object java.lang.invoke.DirectMethodHandle$Holder.invokeStaticInit(java.lang.Object, int, int, int, int)'> (0x000000069990cc10) 
thrown [s\open\src\hotspot\share\interpreter\linkResolver.cpp, line 796]
Event: 0.554 Thread 0x00000261928c7340 Exception <a 'java/lang/NoSuchMethodError'{0x0000000699942528}: 'java.lang.Object java.lang.invoke.DirectMethodHandle$Holder.invokeStaticInit(java.lang.Object, java.lang.Object, int, int, int, int)'> (0x0000000699942528) 
thrown [s\open\src\hotspot\share\interpreter\linkResolver.cpp, line 796]

VM Operations (10 events):
Event: 0.175 Executing VM operation: HandshakeAllThreads (Deoptimize)
Event: 0.175 Executing VM operation: HandshakeAllThreads (Deoptimize) done
Event: 0.231 Executing VM operation: HandshakeAllThreads (Deoptimize)
Event: 0.231 Executing VM operation: HandshakeAllThreads (Deoptimize) done
Event: 0.429 Executing VM operation: HandshakeAllThreads (Deoptimize)
Event: 0.429 Executing VM operation: HandshakeAllThreads (Deoptimize) done
Event: 0.473 Executing VM operation: HandshakeAllThreads (Deoptimize)
Event: 0.473 Executing VM operation: HandshakeAllThreads (Deoptimize) done
Event: 0.513 Executing VM operation: HandshakeAllThreads (Deoptimize)
Event: 0.513 Executing VM operation: HandshakeAllThreads (Deoptimize) done

Memory protections (0 events):
No events

Nmethod flushes (0 events):
No events

Events (14 events):
Event: 0.033 Thread 0x00000261928c7340 Thread added: 0x00000261928c7340
Event: 0.051 Thread 0x00000261928c7340 Thread added: 0x00000261a8220a60
Event: 0.051 Thread 0x00000261928c7340 Thread added: 0x00000261a8222990
Event: 0.051 Thread 0x00000261928c7340 Thread added: 0x00000261a8224120
Event: 0.051 Thread 0x00000261928c7340 Thread added: 0x00000261a8227d00
Event: 0.051 Thread 0x00000261928c7340 Thread added: 0x00000261a8228890
Event: 0.051 Thread 0x00000261928c7340 Thread added: 0x00000261f0008090
Event: 0.051 Thread 0x00000261928c7340 Thread added: 0x00000261f0029970
Event: 0.167 Thread 0x00000261928c7340 Thread added: 0x00000261f018d800
Event: 0.175 Thread 0x00000261f0029970 Thread added: 0x00000261f0190c20
Event: 0.214 Thread 0x00000261f0190c20 Thread added: 0x00000261f023ea30
Event: 0.214 Thread 0x00000261f0190c20 Thread added: 0x00000261f023f0f0
Event: 0.455 Thread 0x00000261928c7340 Thread added: 0x00000261f07d19f0
Event: 0.455 Thread 0x00000261928c7340 Thread added: 0x00000261f07d2060


Dynamic libraries:
0x00007ff699e70000 - 0x00007ff699e80000 	C:\Program Files\Java\jdk-23\bin\java.exe
0x00007ff9f1f10000 - 0x00007ff9f2127000 	C:\WINDOWS\SYSTEM32\ntdll.dll
0x00007ff9f0600000 - 0x00007ff9f06c4000 	C:\WINDOWS\System32\KERNEL32.DLL
0x00007ff9ef490000 - 0x00007ff9ef863000 	C:\WINDOWS\System32\KERNELBASE.dll
0x00007ff9ef870000 - 0x00007ff9ef981000 	C:\WINDOWS\System32\ucrtbase.dll
0x00007ff9dfa30000 - 0x00007ff9dfa47000 	C:\Program Files\Java\jdk-23\bin\jli.dll
0x00007ff9e0710000 - 0x00007ff9e072b000 	C:\Program Files\Java\jdk-23\bin\VCRUNTIME140.dll
0x00007ff9efd40000 - 0x00007ff9efef1000 	C:\WINDOWS\System32\USER32.dll
0x00007ff9d50a0000 - 0x00007ff9d5338000 	C:\WINDOWS\WinSxS\amd64_microsoft.windows.common-controls_6595b64144ccf1df_6.0.22621.5124_none_270e8f4f7386d69d\COMCTL32.dll
0x00007ff9efa10000 - 0x00007ff9efa36000 	C:\WINDOWS\System32\win32u.dll
0x00007ff9f0240000 - 0x00007ff9f02e7000 	C:\WINDOWS\System32\msvcrt.dll
0x00007ff9f0d20000 - 0x00007ff9f0d49000 	C:\WINDOWS\System32\GDI32.dll
0x00007ff9ef020000 - 0x00007ff9ef13b000 	C:\WINDOWS\System32\gdi32full.dll
0x00007ff9ef2b0000 - 0x00007ff9ef34a000 	C:\WINDOWS\System32\msvcp_win.dll
0x00007ff9f1510000 - 0x00007ff9f1541000 	C:\WINDOWS\System32\IMM32.DLL
0x00007ff9e8b90000 - 0x00007ff9e8b9c000 	C:\Program Files\Java\jdk-23\bin\vcruntime140_1.dll
0x00007ff9bcbc0000 - 0x00007ff9bcc4e000 	C:\Program Files\Java\jdk-23\bin\msvcp140.dll
0x00007ff9500b0000 - 0x00007ff950dff000 	C:\Program Files\Java\jdk-23\bin\server\jvm.dll
0x00007ff9f0a80000 - 0x00007ff9f0b31000 	C:\WINDOWS\System32\ADVAPI32.dll
0x00007ff9f0390000 - 0x00007ff9f0438000 	C:\WINDOWS\System32\sechost.dll
0x00007ff9ef280000 - 0x00007ff9ef2a8000 	C:\WINDOWS\System32\bcrypt.dll
0x00007ff9efc10000 - 0x00007ff9efd24000 	C:\WINDOWS\System32\RPCRT4.dll
0x00007ff9f0ca0000 - 0x00007ff9f0d11000 	C:\WINDOWS\System32\WS2_32.dll
0x00007ff9ede60000 - 0x00007ff9edead000 	C:\WINDOWS\SYSTEM32\POWRPROF.dll
0x00007ff9ec090000 - 0x00007ff9ec0c4000 	C:\WINDOWS\SYSTEM32\WINMM.dll
0x00007ff9e8a40000 - 0x00007ff9e8a4a000 	C:\WINDOWS\SYSTEM32\VERSION.dll
0x00007ff9ede40000 - 0x00007ff9ede53000 	C:\WINDOWS\SYSTEM32\UMPDC.dll
0x00007ff9ee100000 - 0x00007ff9ee118000 	C:\WINDOWS\SYSTEM32\kernel.appcore.dll
0x00007ff9e0740000 - 0x00007ff9e074a000 	C:\Program Files\Java\jdk-23\bin\jimage.dll
0x00007ff9ec550000 - 0x00007ff9ec782000 	C:\WINDOWS\SYSTEM32\DBGHELP.DLL
0x00007ff9f06e0000 - 0x00007ff9f0a72000 	C:\WINDOWS\System32\combase.dll
0x00007ff9f1550000 - 0x00007ff9f1627000 	C:\WINDOWS\System32\OLEAUT32.dll
0x00007ff9ec050000 - 0x00007ff9ec082000 	C:\WINDOWS\SYSTEM32\dbgcore.DLL
0x00007ff9ef410000 - 0x00007ff9ef48b000 	C:\WINDOWS\System32\bcryptPrimitives.dll
0x00007ff9e16d0000 - 0x00007ff9e16df000 	C:\Program Files\Java\jdk-23\bin\instrument.dll
0x00007ff9dfa10000 - 0x00007ff9dfa2e000 	C:\Program Files\Java\jdk-23\bin\java.dll
0x00007ff9eff00000 - 0x00007ff9f00a1000 	C:\WINDOWS\System32\ole32.dll
0x00007ff9f1630000 - 0x00007ff9f1ec6000 	C:\WINDOWS\System32\SHELL32.dll
0x00007ff9ef140000 - 0x00007ff9ef27f000 	C:\WINDOWS\System32\wintypes.dll
0x00007ff9ecf00000 - 0x00007ff9ed81a000 	C:\WINDOWS\SYSTEM32\windows.storage.dll
0x00007ff9f0130000 - 0x00007ff9f023a000 	C:\WINDOWS\System32\SHCORE.dll
0x00007ff9f02f0000 - 0x00007ff9f0353000 	C:\WINDOWS\System32\shlwapi.dll
0x00007ff9eef50000 - 0x00007ff9eef7b000 	C:\WINDOWS\SYSTEM32\profapi.dll
0x00007ff9da320000 - 0x00007ff9da337000 	C:\Program Files\Java\jdk-23\bin\zip.dll
0x00007ff9e0700000 - 0x00007ff9e0710000 	C:\Program Files\Java\jdk-23\bin\net.dll
0x00007ff9ee570000 - 0x00007ff9ee5da000 	C:\WINDOWS\system32\mswsock.dll
0x00007ff9da340000 - 0x00007ff9da356000 	C:\Program Files\Java\jdk-23\bin\nio.dll
0x00007ff9d8de0000 - 0x00007ff9d8dfa000 	E:\IntelliJ IDEA 2024.3.3\bin\breakgen64.dll
0x00007ff9edb60000 - 0x00007ff9edc62000 	C:\WINDOWS\SYSTEM32\DNSAPI.dll
0x00007ff9edaf0000 - 0x00007ff9edb1d000 	C:\WINDOWS\SYSTEM32\IPHLPAPI.DLL
0x00007ff9f06d0000 - 0x00007ff9f06d9000 	C:\WINDOWS\System32\NSI.dll
0x0000000055400000 - 0x0000000055426000 	C:\Program Files\Bonjour\mdnsNSP.dll
0x00007ff9e6360000 - 0x00007ff9e636a000 	C:\Windows\System32\rasadhlp.dll
0x00007ff9e8220000 - 0x00007ff9e82a3000 	C:\WINDOWS\System32\fwpuclnt.dll
0x00007ff9da020000 - 0x00007ff9da029000 	C:\Program Files\Java\jdk-23\bin\extnet.dll
0x00007ff9e16b0000 - 0x00007ff9e16ba000 	C:\Program Files\Java\jdk-23\bin\management.dll
0x00007ff9ee8c0000 - 0x00007ff9ee8db000 	C:\WINDOWS\SYSTEM32\CRYPTSP.dll
0x00007ff9ee060000 - 0x00007ff9ee097000 	C:\WINDOWS\system32\rsaenh.dll
0x00007ff9ee610000 - 0x00007ff9ee638000 	C:\WINDOWS\SYSTEM32\USERENV.dll
0x00007ff9ee8a0000 - 0x00007ff9ee8ac000 	C:\WINDOWS\SYSTEM32\CRYPTBASE.dll
0x00007ff9bb170000 - 0x00007ff9bb187000 	C:\WINDOWS\system32\napinsp.dll
0x00007ff9b8e80000 - 0x00007ff9b8e9b000 	C:\WINDOWS\system32\pnrpnsp.dll
0x00007ff9b8e60000 - 0x00007ff9b8e71000 	C:\WINDOWS\System32\winrnr.dll
0x00007ff9e8a20000 - 0x00007ff9e8a35000 	C:\WINDOWS\system32\wshbth.dll

dbghelp: loaded successfully - version: 4.0.5 - missing functions: none
symbol engine: initialized successfully - sym options: 0x614 - pdb path: .;C:\Program Files\Java\jdk-23\bin;C:\WINDOWS\SYSTEM32;C:\WINDOWS\WinSxS\amd64_microsoft.windows.common-controls_6595b64144ccf1df_6.0.22621.5124_none_270e8f4f7386d69d;C:\Program Files\Java\jdk-23\bin\server;E:\IntelliJ IDEA 2024.3.3\bin;C:\Program Files\Bonjour

VM Arguments:
jvm_args: -XX:TieredStopAtLevel=1 -Dspring.output.ansi.enabled=always -Dcom.sun.management.jmxremote -Dspring.jmx.enabled=true -Dspring.liveBeansView.mbeanDomain -Dspring.application.admin.enabled=true -Dmanagement.endpoints.jmx.exposure.include=* -javaagent:E:\IntelliJ IDEA 2024.3.3\lib\idea_rt.jar=60189:E:\IntelliJ IDEA 2024.3.3\bin -Dfile.encoding=UTF-8 -Dsun.stdout.encoding=UTF-8 -Dsun.stderr.encoding=UTF-8 
java_command: com.example.SearchServiceApplication
java_class_path (initial): F:\todoist\search-service\target\classes;C:\Users\DELL\.m2\repository\org\springframework\boot\spring-boot-starter-amqp\3.4.5\spring-boot-starter-amqp-3.4.5.jar;C:\Users\DELL\.m2\repository\org\springframework\boot\spring-boot-starter\3.4.5\spring-boot-starter-3.4.5.jar;C:\Users\DELL\.m2\repository\org\springframework\boot\spring-boot-starter-logging\3.4.5\spring-boot-starter-logging-3.4.5.jar;C:\Users\DELL\.m2\repository\ch\qos\logback\logback-classic\1.5.18\logback-classic-1.5.18.jar;C:\Users\DELL\.m2\repository\ch\qos\logback\logback-core\1.5.18\logback-core-1.5.18.jar;C:\Users\DELL\.m2\repository\org\apache\logging\log4j\log4j-to-slf4j\2.24.3\log4j-to-slf4j-2.24.3.jar;C:\Users\DELL\.m2\repository\org\apache\logging\log4j\log4j-api\2.24.3\log4j-api-2.24.3.jar;C:\Users\DELL\.m2\repository\org\slf4j\jul-to-slf4j\2.0.17\jul-to-slf4j-2.0.17.jar;C:\Users\DELL\.m2\repository\jakarta\annotation\jakarta.annotation-api\2.1.1\jakarta.annotation-api-2.1.1.jar;C:\Users\DELL\.m2\repository\org\yaml\snakeyaml\2.3\snakeyaml-2.3.jar;C:\Users\DELL\.m2\repository\org\springframework\spring-messaging\6.2.6\spring-messaging-6.2.6.jar;C:\Users\DELL\.m2\repository\org\springframework\spring-beans\6.2.6\spring-beans-6.2.6.jar;C:\Users\DELL\.m2\repository\org\springframework\amqp\spring-rabbit\3.2.5\spring-rabbit-3.2.5.jar;C:\Users\DELL\.m2\repository\org\springframework\amqp\spring-amqp\3.2.5\spring-amqp-3.2.5.jar;C:\Users\DELL\.m2\repository\org\springframework\retry\spring-retry\2.0.11\spring-retry-2.0.11.jar;C:\Users\DELL\.m2\repository\com\rabbitmq\amqp-client\5.22.0\amqp-client-5.22.0.jar;C:\Users\DELL\.m2\repository\org\springframework\spring-tx\6.2.6\spring-tx-6.2.6.jar;C:\Users\DELL\.m2\repository\io\micrometer\micrometer-observation\1.14.6\micrometer-observation-1.14.6.jar;C:\Users\DELL\.m2\repository\io\micrometer\micrometer-commons\1.14.6\micrometer-commons-1.14.6.jar;C:\Users\DELL\.m2\repository\org\springframework\boot\spring-boot-starter-data-jpa\3.4.5\spring-boot-starter-data-jpa-3.4.5.jar;C:\Users\DELL\.m2\repository\org\hibernate\orm\hibernate-core\6.6.13.Final\hibernate-core-6.6.13.Final.jar;C:\Users\DELL\.m2\repository\jakarta\persistence\jakarta.persistence-api\3.1.0\jakarta.persistence-api-3.1.0.jar;C:\Users\DELL\.m2\repository\jakarta\transaction\jakarta.transaction-api\2.0.1\jakarta.transaction-api-2.0.1.jar;C:\Users\DELL\.m2\repository\org\jboss\logging\jboss-logging\3.6.1.Final\jboss-logging-3.6.1.Final.jar;C:\Users\DELL\.m2\repository\org\hibernate\common\hibernate-commons-annotations\7.0.3.Final\hibernate-commons-annotations-7.0.3.Final.jar;C:\Users\DELL\.m2\repository\io\smallrye\jandex\3.2.0\jandex-3.2.0.jar;C:\Users\DELL\.m2\repository\com\fasterxml\classmate\1.7.0\classmate-1.7.0.jar;C:\Users\DELL\.m2\repository\net\bytebuddy\byte-buddy\1.15.11\byte-buddy-1.15.11.jar;C:\Users\DELL\.m2\repository\org\glassfish\jaxb\jaxb-runtime\4.0.5\jaxb-runtime-4.0.5.jar;C:\Users\DELL\.m2\repository\org\glassfish\jaxb\jaxb-core\4.0.5\jaxb-core-4.0.5.jar;C:\Users\DELL\.m2\repository\org\glassfish\jaxb\txw2\4.0.5\txw2-4.0.5.jar;C:\Users\DELL\.m2\repository\com\sun\istack\istack-commons-runtime\4.1.2\istack-commons-runtime-4.1.2.jar;C:\Users\DELL\.m2\repository\jakarta\inject\jakarta.inject-api\2.0.1\jakarta.inject-api-2.0.1.jar;C:\Users\DELL\.m2\repository\org\antlr\antlr4-runtime\4.13.0\antlr4-runtime-4.13.0.jar;C:\Users\DELL\.m2\repository\org\springframework\data\spring-data-jpa\3.4.5\spring-data-jpa-3.4.5.jar;C:\Users\DELL\.m2\repository\org\springframework\data\spring-data-commons\3.4.5\spring-data-commons-3.4.5.jar;C:\Users\DELL\.m2\repository\org\springframework\spring-orm\6.2.6\spring-orm-6.2.6.jar;C:\Users\DELL\.m2\repository\org\slf4j\slf4j-api\2.0.17\slf4j-api-2.0.17.jar;C:\Users\DELL\.m2\repository\org\springframework\spring-aspects\6.2.6\spring-aspects-6.2.6.jar;C:\Users\DELL\.m2\repository\org\aspectj\aspectjweaver\1.9.24\aspectjweaver-1.9.24.jar;C:\Users\DELL\.m2\repository\org\springframework\boot\spring-boot-starter-data-mongodb\3.4.5\spring-boot-starter-data-mongodb-3.4.5.jar;C:\Users\DELL\.m2\repository\org\mongodb\mongodb-driver-sync\5.2.1\mongodb-driver-sync-5.2.1.jar;C:\Users\DELL\.m2\repository\org\mongodb\bson\5.2.1\bson-5.2.1.jar;C:\Users\DELL\.m2\repository\org\mongodb\mongodb-driver-core\5.2.1\mongodb-driver-core-5.2.1.jar;C:\Users\DELL\.m2\repository\org\mongodb\bson-record-codec\5.2.1\bson-record-codec-5.2.1.jar;C:\Users\DELL\.m2\repository\org\springframework\data\spring-data-mongodb\4.4.5\spring-data-mongodb-4.4.5.jar;C:\Users\DELL\.m2\repository\org\springframework\spring-expression\6.2.6\spring-expression-6.2.6.jar;C:\Users\DELL\.m2\repository\org\springframework\boot\spring-boot-starter-data-redis\3.4.5\spring-boot-starter-data-redis-3.4.5.jar;C:\Users\DELL\.m2\repository\io\lettuce\lettuce-core\6.4.2.RELEASE\lettuce-core-6.4.2.RELEASE.jar;C:\Users\DELL\.m2\repository\io\netty\netty-common\4.1.119.Final\netty-common-4.1.119.Final.jar;C:\Users\DELL\.m2\repository\io\netty\netty-handler\4.1.119.Final\netty-handler-4.1.119.Final.jar;C:\Users\DELL\.m2\repository\io\netty\netty-resolver\4.1.119.Final\netty-resolver-4.1.119.Final.jar;C:\Users\DELL\.m2\repository\io\netty\netty-buffer\4.1.119.Final\netty-buffer-4.1.119.Final.jar;C:\Users\DELL\.m2\repository\io\netty\netty-transport-native-unix-common\4.1.119.Final\netty-transport-native-unix-common-4.1.119.Final.jar;C:\Users\DELL\.m2\repository\io\netty\netty-codec\4.1.119.Final\netty-codec-4.1.119.Final.jar;C:\Users\DELL\.m2\repository\io\netty\netty-transport\4.1.119.Final\netty-transport-4.1.119.Final.jar;C:\Users\DELL\.m2\repository\io\projectreactor\reactor-core\3.7.5\reactor-core-3.7.5.jar;C:\Users\DELL\.m2\repository\org\reactivestreams\reactive-streams\1.0.4\reactive-streams-1.0.4.jar;C:\Users\DELL\.m2\repository\org\springframework\data\spring-data-redis\3.4.5\spring-data-redis-3.4.5.jar;C:\Users\DELL\.m2\repository\org\springframework\data\spring-data-keyvalue\3.4.5\spring-data-keyvalue-3.4.5.jar;C:\Users\DELL\.m2\repository\org\springframework\boot\spring-boot-starter-data-rest\3.4.5\spring-boot-starter-data-rest-3.4.5.jar;C:\Users\DELL\.m2\repository\org\springframework\data\spring-data-rest-webmvc\4.4.5\spring-data-rest-webmvc-4.4.5.jar;C:\Users\DELL\.m2\repository\org\springframework\data\spring-data-rest-core\4.4.5\spring-data-rest-core-4.4.5.jar;C:\Users\DELL\.m2\repository\org\springframework\hateoas\spring-hateoas\2.4.1\spring-hateoas-2.4.1.jar;C:\Users\DELL\.m2\repository\org\springframework\plugin\spring-plugin-core\3.0.0\spring-plugin-core-3.0.0.jar;C:\Users\DELL\.m2\repository\org\atteo\evo-inflector\1.3\evo-inflector-1.3.jar;C:\Users\DELL\.m2\repository\com\fasterxml\jackson\core\jackson-annotations\2.18.3\jackson-annotations-2.18.3.jar;C:\Users\DELL\.m2\repository\org\springframework\boot\spring-boot-starter-jdbc\3.4.5\spring-boot-starter-jdbc-3.4.5.jar;C:\Users\DELL\.m2\repository\com\zaxxer\HikariCP\5.1.0\HikariCP-5.1.0.jar;C:\Users\DELL\.m2\repository\org\springframework\spring-jdbc\6.2.6\spring-jdbc-6.2.6.jar;C:\Users\DELL\.m2\repository\org\springframework\boot\spring-boot-starter-mail\3.4.5\spring-boot-starter-mail-3.4.5.jar;C:\Users\DELL\.m2\repository\org\springframework\spring-context-support\6.2.6\spring-context-support-6.2.6.jar;C:\Users\DELL\.m2\repository\org\eclipse\angus\jakarta.mail\2.0.3\jakarta.mail-2.0.3.jar;C:\Users\DELL\.m2\repository\jakarta\activation\jakarta.activation-api\2.1.3\jakarta.activation-api-2.1.3.jar;C:\Users\DELL\.m2\repository\org\eclipse\angus\angus-activation\2.0.2\angus-activation-2.0.2.jar;C:\Users\DELL\.m2\repository\org\springframework\boot\spring-boot-starter-oauth2-client\3.4.5\spring-boot-starter-oauth2-client-3.4.5.jar;C:\Users\DELL\.m2\repository\org\springframework\security\spring-security-config\6.4.5\spring-security-config-6.4.5.jar;C:\Users\DELL\.m2\repository\org\springframework\security\spring-security-core\6.4.5\spring-security-core-6.4.5.jar;C:\Users\DELL\.m2\repository\org\springframework\security\spring-security-crypto\6.4.5\spring-security-crypto-6.4.5.jar;C:\Users\DELL\.m2\repository\org\springframework\security\spring-security-oauth2-client\6.4.5\spring-security-oauth2-client-6.4.5.jar;C:\Users\DELL\.m2\repository\org\springframework\security\spring-security-oauth2-core\6.4.5\spring-security-oauth2-core-6.4.5.jar;C:\Users\DELL\.m2\repository\com\nimbusds\oauth2-oidc-sdk\9.43.6\oauth2-oidc-sdk-9.43.6.jar;C:\Users\DELL\.m2\repository\com\github\stephenc\jcip\jcip-annotations\1.0-1\jcip-annotations-1.0-1.jar;C:\Users\DELL\.m2\repository\com\nimbusds\content-type\2.2\content-type-2.2.jar;C:\Users\DELL\.m2\repository\com\nimbusds\lang-tag\1.7\lang-tag-1.7.jar;C:\Users\DELL\.m2\repository\org\springframework\security\spring-security-oauth2-jose\6.4.5\spring-security-oauth2-jose-6.4.5.jar;C:\Users\DELL\.m2\repository\com\nimbusds\nimbus-jose-jwt\9.37.3\nimbus-jose-jwt-9.37.3.jar;C:\Users\DELL\.m2\repository\org\springframework\boot\spring-boot-starter-security\3.4.5\spring-boot-starter-security-3.4.5.jar;C:\Users\DELL\.m2\repository\org\springframework\spring-aop\6.2.6\spring-aop-6.2.6.jar;C:\Users\DELL\.m2\repository\org\springframework\security\spring-security-web\6.4.5\spring-security-web-6.4.5.jar;C:\Users\DELL\.m2\repository\org\springframework\boot\spring-boot-starter-web\3.4.5\spring-boot-starter-web-3.4.5.jar;C:\Users\DELL\.m2\repository\org\springframework\boot\spring-boot-starter-json\3.4.5\spring-boot-starter-json-3.4.5.jar;C:\Users\DELL\.m2\repository\com\fasterxml\jackson\datatype\jackson-datatype-jdk8\2.18.3\jackson-datatype-jdk8-2.18.3.jar;C:\Users\DELL\.m2\repository\com\fasterxml\jackson\datatype\jackson-datatype-jsr310\2.18.3\jackson-datatype-jsr310-2.18.3.jar;C:\Users\DELL\.m2\repository\org\springframework\boot\spring-boot-starter-tomcat\3.4.5\spring-boot-starter-tomcat-3.4.5.jar;C:\Users\DELL\.m2\repository\org\apache\tomcat\embed\tomcat-embed-core\10.1.40\tomcat-embed-core-10.1.40.jar;C:\Users\DELL\.m2\repository\org\apache\tomcat\embed\tomcat-embed-el\10.1.40\tomcat-embed-el-10.1.40.jar;C:\Users\DELL\.m2\repository\org\apache\tomcat\embed\tomcat-embed-websocket\10.1.40\tomcat-embed-websocket-10.1.40.jar;C:\Users\DELL\.m2\repository\org\springframework\spring-web\6.2.6\spring-web-6.2.6.jar;C:\Users\DELL\.m2\repository\org\springframework\spring-webmvc\6.2.6\spring-webmvc-6.2.6.jar;C:\Users\DELL\.m2\repository\org\springframework\boot\spring-boot-starter-web-services\3.4.5\spring-boot-starter-web-services-3.4.5.jar;C:\Users\DELL\.m2\repository\com\sun\xml\messaging\saaj\saaj-impl\3.0.4\saaj-impl-3.0.4.jar;C:\Users\DELL\.m2\repository\jakarta\xml\soap\jakarta.xml.soap-api\3.0.2\jakarta.xml.soap-api-3.0.2.jar;C:\Users\DELL\.m2\repository\org\jvnet\staxex\stax-ex\2.1.0\stax-ex-2.1.0.jar;C:\Users\DELL\.m2\repository\jakarta\xml\ws\jakarta.xml.ws-api\4.0.2\jakarta.xml.ws-api-4.0.2.jar;C:\Users\DELL\.m2\repository\org\springframework\spring-oxm\6.2.6\spring-oxm-6.2.6.jar;C:\Users\DELL\.m2\repository\org\springframework\ws\spring-ws-core\4.0.13\spring-ws-core-4.0.13.jar;C:\Users\DELL\.m2\repository\org\springframework\ws\spring-xml\4.0.13\spring-xml-4.0.13.jar;C:\Users\DELL\.m2\repository\org\springframework\cloud\spring-cloud-starter-openfeign\4.2.1\spring-cloud-starter-openfeign-4.2.1.jar;C:\Users\DELL\.m2\repository\org\springframework\cloud\spring-cloud-starter\4.2.1\spring-cloud-starter-4.2.1.jar;C:\Users\DELL\.m2\repository\org\springframework\cloud\spring-cloud-context\4.2.1\spring-cloud-context-4.2.1.jar;C:\Users\DELL\.m2\repository\org\bouncycastle\bcprov-jdk18on\1.78.1\bcprov-jdk18on-1.78.1.jar;C:\Users\DELL\.m2\repository\org\springframework\cloud\spring-cloud-openfeign-core\4.2.1\spring-cloud-openfeign-core-4.2.1.jar;C:\Users\DELL\.m2\repository\io\github\openfeign\feign-form-spring\13.5\feign-form-spring-13.5.jar;C:\Users\DELL\.m2\repository\io\github\openfeign\feign-form\13.5\feign-form-13.5.jar;C:\Users\DELL\.m2\repository\commons-fileupload\commons-fileupload\1.5\commons-fileupload-1.5.jar;C:\Users\DELL\.m2\repository\org\springframework\cloud\spring-cloud-commons\4.2.1\spring-cloud-commons-4.2.1.jar;C:\Users\DELL\.m2\repository\io\github\openfeign\feign-core\13.5\feign-core-13.5.jar;C:\Users\DELL\.m2\repository\io\github\openfeign\feign-slf4j\13.5\feign-slf4j-13.5.jar;C:\Users\DELL\.m2\repository\org\springframework\session\spring-session-data-redis\3.4.3\spring-session-data-redis-3.4.3.jar;C:\Users\DELL\.m2\repository\org\springframework\session\spring-session-core\3.4.3\spring-session-core-3.4.3.jar;C:\Users\DELL\.m2\repository\org\springframework\spring-jcl\6.2.6\spring-jcl-6.2.6.jar;C:\Users\DELL\.m2\repository\org\springframework\session\spring-session-jdbc\3.4.3\spring-session-jdbc-3.4.3.jar;C:\Users\DELL\.m2\repository\org\springframework\spring-context\6.2.6\spring-context-6.2.6.jar;C:\Users\DELL\.m2\repository\org\springframework\boot\spring-boot-devtools\3.4.5\spring-boot-devtools-3.4.5.jar;C:\Users\DELL\.m2\repository\org\springframework\boot\spring-boot\3.4.5\spring-boot-3.4.5.jar;C:\Users\DELL\.m2\repository\org\springframework\boot\spring-boot-autoconfigure\3.4.5\spring-boot-autoconfigure-3.4.5.jar;C:\Users\DELL\.m2\repository\org\springframework\boot\spring-boot-docker-compose\3.4.5\spring-boot-docker-compose-3.4.5.jar;C:\Users\DELL\.m2\repository\com\fasterxml\jackson\core\jackson-databind\2.18.3\jackson-databind-2.18.3.jar;C:\Users\DELL\.m2\repository\com\fasterxml\jackson\core\jackson-core\2.18.3\jackson-core-2.18.3.jar;C:\Users\DELL\.m2\repository\com\fasterxml\jackson\module\jackson-module-parameter-names\2.18.3\jackson-module-parameter-names-2.18.3.jar;C:\Users\DELL\.m2\repository\org\postgresql\postgresql\42.7.5\postgresql-42.7.5.jar;C:\Users\DELL\.m2\repository\org\checkerframework\checker-qual\3.48.3\checker-qual-3.48.3.jar;C:\Users\DELL\.m2\repository\org\projectlombok\lombok\1.18.38\lombok-1.18.38.jar;C:\Users\DELL\.m2\repository\com\jayway\jsonpath\json-path\2.9.0\json-path-2.9.0.jar;C:\Users\DELL\.m2\repository\jakarta\xml\bind\jakarta.xml.bind-api\4.0.2\jakarta.xml.bind-api-4.0.2.jar;C:\Users\DELL\.m2\repository\net\minidev\json-smart\2.5.2\json-smart-2.5.2.jar;C:\Users\DELL\.m2\repository\net\minidev\accessors-smart\2.5.2\accessors-smart-2.5.2.jar;C:\Users\DELL\.m2\repository\org\ow2\asm\asm\9.7.1\asm-9.7.1.jar;C:\Users\DELL\.m2\repository\org\springframework\spring-core\6.2.6\spring-core-6.2.6.jar
Launcher Type: SUN_STANDARD

[Global flags]
     intx CICompilerCount                          = 4                                         {product} {ergonomic}
     uint ConcGCThreads                            = 3                                         {product} {ergonomic}
     uint G1ConcRefinementThreads                  = 10                                        {product} {ergonomic}
   size_t G1HeapRegionSize                         = 4194304                                   {product} {ergonomic}
   size_t InitialHeapSize                          = 402653184                                 {product} {ergonomic}
     bool ManagementServer                         = true                                      {product} {command line}
   size_t MarkStackSize                            = 4194304                                   {product} {ergonomic}
   size_t MarkStackSizeMax                         = 536870912                                 {product} {ergonomic}
   size_t MaxHeapSize                              = 6396313600                                {product} {ergonomic}
   size_t MaxNewSize                               = 3837788160                                {product} {ergonomic}
   size_t MinHeapDeltaBytes                        = 4194304                                   {product} {ergonomic}
   size_t MinHeapSize                              = 8388608                                   {product} {ergonomic}
    uintx NonNMethodCodeHeapSize                   = 4096                                   {pd product} {ergonomic}
    uintx NonProfiledCodeHeapSize                  = 0                                      {pd product} {ergonomic}
     bool ProfileInterpreter                       = false                                  {pd product} {command line}
    uintx ProfiledCodeHeapSize                     = 0                                      {pd product} {ergonomic}
   size_t SoftMaxHeapSize                          = 6396313600                             {manageable} {ergonomic}
     intx TieredStopAtLevel                        = 1                                         {product} {command line}
     bool UseCompressedOops                        = true                           {product lp64_product} {ergonomic}
     bool UseG1GC                                  = true                                      {product} {ergonomic}
     bool UseLargePagesIndividualAllocation        = false                                  {pd product} {ergonomic}

Logging:
Log output configuration:
 #0: stdout all=warning uptime,level,tags foldmultilines=false
 #1: stderr all=off uptime,level,tags foldmultilines=false

Environment Variables:
JAVA_HOME=C:\Program Files\Java\jdk-23
PATH=C:\Program Files\Common Files\Oracle\Java\javapath;C:\Program Files (x86)\Common Files\Oracle\Java\java8path;C:\Program Files (x86)\Common Files\Oracle\Java\javapath;C:\Program Files\Java\jdk-23\bin;C:\Program Files (x86)\VMware\VMware Workstation\bin\;C:\WINDOWS\system32;C:\WINDOWS;C:\WINDOWS\System32\Wbem;C:\WINDOWS\System32\WindowsPowerShell\v1.0\;C:\WINDOWS\System32\OpenSSH\;C:\Program Files\dotnet\;C:\Program Files (x86)\NVIDIA Corporation\PhysX\Common;C:\Android;C:\Windows\System32;C:\Users\DELL\AppData\Local\Microsoft\WindowsApps;C:\adb;C:\Program Files (x86)\Ascom\TEMS Products\TEMS Investigation\Application;C:\Program Files\Git\cmd;C:\Users\DELL\AppData\Roaming\Python\Python311\Scripts;C:\Program Files\nodejs;C:\Program Files\Docker\Docker\resources\bin;C:\Program Files\NVIDIA Corporation\NVIDIA app\NvDLISR;E:\apache-maven-3.9.9-bin\apache-maven-3.9.9\bin;C:\Program Files\Kubernetes\Minikube;C:\Users\DELL\AppData\Local\Programs\Python\Python313\Scripts\;C:\Users\DELL\AppData\Local\Programs\Python\Python313\;C:\Users\DELL\AppData\Local\Microsoft\WindowsApps;;C:\Users\DELL\AppData\Local\Programs\Microsoft VS Code\bin;C:\Users\DELL\AppData\Roaming\npm;C:\Users\DELL\.dotnet\tools;C:\Users\DELL\AppData\Local\Microsoft\WinGet\Packages\Kubernetes.kubectl_Microsoft.Winget.Source_8wekyb3d8bbwe;
USERNAME=DELL
OS=Windows_NT
PROCESSOR_IDENTIFIER=Intel64 Family 6 Model 158 Stepping 10, GenuineIntel
TMP=C:\Users\DELL\AppData\Local\Temp
TEMP=C:\Users\DELL\AppData\Local\Temp




Periodic native trim disabled

---------------  S Y S T E M  ---------------

OS:
 Windows 11 , 64 bit Build 22621 (10.0.22621.5124)
OS uptime: 12 days 23:57 hours
Hyper-V role detected

CPU: total 12 (initial active 12) (6 cores per cpu, 2 threads per core) family 6 model 158 stepping 10 microcode 0xf0, cx8, cmov, fxsr, ht, mmx, 3dnowpref, sse, sse2, sse3, ssse3, sse4.1, sse4.2, popcnt, lzcnt, tsc, tscinvbit, avx, avx2, aes, erms, clmul, bmi1, bmi2, adx, fma, vzeroupper, clflush, clflushopt, hv, rdtscp, f16c
Processor Information for the first 12 processors :
  Max Mhz: 2592, Current Mhz: 2592, Mhz Limit: 2592

Memory: 4k page, system-wide physical 24388M (1241M free)
TotalPageFile size 31016M (AvailPageFile size 4M)
current process WorkingSet (physical memory assigned to process): 59M, peak: 59M
current process commit charge ("private bytes"): 482M, peak: 482M

vm_info: Java HotSpot(TM) 64-Bit Server VM (23.0.1+11-39) for windows-amd64 JRE (23.0.1+11-39), built on 2024-09-30T07:20:43Z with MS VC++ 17.6 (VS2022)

END.
